0 info it worked if it ends with ok
1 verbose cli [ '/usr/local/bin/node', '/usr/local/bin/npm', 'run', 'ci' ]
2 info using npm@4.0.2
3 info using node@v5.12.0
4 verbose run-script [ 'preci', 'ci', 'postci' ]
5 info lifecycle gquery@0.0.1~preci: gquery@0.0.1
6 silly lifecycle gquery@0.0.1~preci: no script for preci, continuing
7 info lifecycle gquery@0.0.1~ci: gquery@0.0.1
8 verbose lifecycle gquery@0.0.1~ci: unsafe-perm in lifecycle true
9 verbose lifecycle gquery@0.0.1~ci: PATH: /usr/local/lib/node_modules/npm/bin/node-gyp-bin:/Users/xiepan/WebstormProjects/gQuery/node_modules/.bin:/usr/local/bin:/usr/bin:/bin:/usr/sbin:/sbin
10 verbose lifecycle gquery@0.0.1~ci: CWD: /Users/xiepan/WebstormProjects/gQuery
11 silly lifecycle gquery@0.0.1~ci: Args: [ '-c',
11 silly lifecycle   'istanbul cover ./node_modules/.bin/mocha-phantomjs -p /usr/local/bin/phantomjs test/index.html' ]
12 silly lifecycle gquery@0.0.1~ci: Returned: code: 1  signal: null
13 info lifecycle gquery@0.0.1~ci: Failed to exec ci script
14 verbose stack Error: gquery@0.0.1 ci: `istanbul cover ./node_modules/.bin/mocha-phantomjs -p /usr/local/bin/phantomjs test/index.html`
14 verbose stack Exit status 1
14 verbose stack     at EventEmitter.<anonymous> (/usr/local/lib/node_modules/npm/lib/utils/lifecycle.js:279:16)
14 verbose stack     at emitTwo (events.js:100:13)
14 verbose stack     at EventEmitter.emit (events.js:185:7)
14 verbose stack     at ChildProcess.<anonymous> (/usr/local/lib/node_modules/npm/lib/utils/spawn.js:40:14)
14 verbose stack     at emitTwo (events.js:100:13)
14 verbose stack     at ChildProcess.emit (events.js:185:7)
14 verbose stack     at maybeClose (internal/child_process.js:850:16)
14 verbose stack     at Process.ChildProcess._handle.onexit (internal/child_process.js:215:5)
15 verbose pkgid gquery@0.0.1
16 verbose cwd /Users/xiepan/WebstormProjects/gQuery
17 error Darwin 16.4.0
18 error argv "/usr/local/bin/node" "/usr/local/bin/npm" "run" "ci"
19 error node v5.12.0
20 error npm  v4.0.2
21 error code ELIFECYCLE
22 error gquery@0.0.1 ci: `istanbul cover ./node_modules/.bin/mocha-phantomjs -p /usr/local/bin/phantomjs test/index.html`
22 error Exit status 1
23 error Failed at the gquery@0.0.1 ci script 'istanbul cover ./node_modules/.bin/mocha-phantomjs -p /usr/local/bin/phantomjs test/index.html'.
23 error Make sure you have the latest version of node.js and npm installed.
23 error If you do, this is most likely a problem with the gquery package,
23 error not with npm itself.
23 error Tell the author that this fails on your system:
23 error     istanbul cover ./node_modules/.bin/mocha-phantomjs -p /usr/local/bin/phantomjs test/index.html
23 error You can get information on how to open an issue for this project with:
23 error     npm bugs gquery
23 error Or if that isn't available, you can get their info via:
23 error     npm owner ls gquery
23 error There is likely additional logging output above.
24 verbose exit [ 1, true ]
